
Showing logs for build [32mcb-kubecd-environment-pr-1491-7-qfz2j-1[0m stage [32mfrom-build-pack[0m and container [32mstep-credential-initializer-6jxds[0m
{"level":"info","ts":1590515726.923705,"logger":"fallback-logger","caller":"logging/config.go:69","msg":"Fetch GitHub commit ID from kodata failed: open /var/run/ko/refs/heads/0.8.0-ns-support: no such file or directory"}
{"level":"info","ts":1590515726.9245083,"logger":"fallback-logger","caller":"creds-init/main.go:40","msg":"Credentials initialized."}

Showing logs for build [32mcb-kubecd-environment-pr-1491-7-qfz2j-1[0m stage [32mfrom-build-pack[0m and container [32mstep-working-dir-initializer-czg9s[0m
{"level":"info","ts":1590515727.7150605,"logger":"fallback-logger","caller":"logging/config.go:69","msg":"Fetch GitHub commit ID from kodata failed: open /var/run/ko/HEAD: no such file or directory"}
{"level":"info","ts":1590515727.7166352,"logger":"fallback-logger","caller":"bash/main.go:64","msg":"Successfully executed command \"sh -c mkdir -p /workspace/source\"; output "}

Showing logs for build [32mcb-kubecd-environment-pr-1491-7-qfz2j-1[0m stage [32mfrom-build-pack[0m and container [32mstep-place-tools[0m

Showing logs for build [32mcb-kubecd-environment-pr-1491-7-qfz2j-1[0m stage [32mfrom-build-pack[0m and container [32mstep-git-source-cb-kubecd-environment-pr-1491-7-qfz2j-gpxvr[0m
{"level":"info","ts":1590515731.8936968,"logger":"fallback-logger","caller":"logging/config.go:69","msg":"Fetch GitHub commit ID from kodata failed: open /var/run/ko/refs/heads/0.8.0-ns-support: no such file or directory"}
{"level":"info","ts":1590515732.9409873,"logger":"fallback-logger","caller":"git/git.go:103","msg":"Successfully cloned https://github.com/cb-kubecd/environment-pr-1491-72-bdd-frontend-staging.git @ master in path /workspace/source"}

Showing logs for build [32mcb-kubecd-environment-pr-1491-7-qfz2j-1[0m stage [32mfrom-build-pack[0m and container [32mstep-git-merge[0m
Using SHAs from PULL_REFS=master:04cfa238e386683e53b3618cba19c6d7a340abbf,8:e321058fe020d0a69fba5b5ed1d941ba269d084f
DEBUG: LC_ALL=C JX_LOG_LEVEL=error git fetch origin --unshallow e321058fe020d0a69fba5b5ed1d941ba269d084f: 04cfa238e386683e53b3618cba19c6d7a340abbf:
DEBUG: ran git fetch --unshallow origin e321058fe020d0a69fba5b5ed1d941ba269d084f: 04cfa238e386683e53b3618cba19c6d7a340abbf: in 
DEBUG: LC_ALL=C JX_LOG_LEVEL=error git branch
DEBUG: LC_ALL=C JX_LOG_LEVEL=error git checkout master
DEBUG: ran git checkout master in 
DEBUG: LC_ALL=C JX_LOG_LEVEL=error git reset --hard 04cfa238e386683e53b3618cba19c6d7a340abbf
DEBUG: ran git reset --hard 04cfa238e386683e53b3618cba19c6d7a340abbf in 
DEBUG: JX_LOG_LEVEL=error LC_ALL=C git clean -fd .
DEBUG: ran clean --force -d . in 
DEBUG: LC_ALL=C JX_LOG_LEVEL=error git merge e321058fe020d0a69fba5b5ed1d941ba269d084f
DEBUG: ran git merge e321058fe020d0a69fba5b5ed1d941ba269d084f in 
DEBUG: LC_ALL=C JX_LOG_LEVEL=error git log --format=%H%x1f%an%x1f%ae%x1f%cn%x1f%ce%x1f%s%n%b%x1e 04cfa238e386683e53b3618cba19c6d7a340abbf..HEAD
Merged SHA e321058fe020d0a69fba5b5ed1d941ba269d084f with commit message 'chore: Promote bdd-nh-1590515529 to version 0.0.1' into base branch master

Showing logs for build [32mcb-kubecd-environment-pr-1491-7-qfz2j-1[0m stage [32mfrom-build-pack[0m and container [32mstep-build-helm-build[0m
WARNING: No $CHART_REPOSITORY defined so using the default value of: http://jenkins-x-chartmuseum:8080
Adding missing Helm repo: storage.googleapis.com https://storage.googleapis.com/chartmuseum.jenkins-x.io
WARNING: No secrets found on "helm/repos" due: reading the secret "helm/repos" from vault: no secret "helm/repos" not found in vault
Read credentials for https://storage.googleapis.com/chartmuseum.jenkins-x.io from vault helm/repos
Successfully added Helm repository storage.googleapis.com.
Adding missing Helm repo: jenkins-x-chartmuseum http://jenkins-x-chartmuseum:8080
WARNING: No secrets found on "helm/repos" due: reading the secret "helm/repos" from vault: no secret "helm/repos" not found in vault
Read credentials for http://jenkins-x-chartmuseum:8080 from vault helm/repos
Successfully added Helm repository jenkins-x-chartmuseum.
WARNING: No $CHART_REPOSITORY defined so using the default value of: http://jenkins-x-chartmuseum:8080
Adding missing Helm repo: chartmuseum.jenkins-x.io http://chartmuseum.jenkins-x.io
WARNING: No secrets found on "helm/repos" due: reading the secret "helm/repos" from vault: no secret "helm/repos" not found in vault
Read credentials for http://chartmuseum.jenkins-x.io from vault helm/repos
Successfully added Helm repository chartmuseum.jenkins-x.io.
